This file contains any messages produced by compilers while
running configure, to aid debugging if configure makes a mistake.

It was created by configure, which was
generated by GNU Autoconf 2.52.  Invocation command line was

  $ ./configure 

## ---------- ##
## Platform.  ##
## ---------- ##

hostname = a181102
uname -m = i686
uname -r = 2.4.9-13
uname -s = Linux
uname -v = #1 Tue Oct 30 20:05:14 EST 2001

/usr/bin/uname -p = unknown
/bin/uname -X     = unknown

/bin/arch              = i686
/usr/bin/arch -k       = unknown
/usr/convex/getsysinfo = unknown
hostinfo               = unknown
/bin/machine           = unknown
/usr/bin/oslevel       = unknown
/bin/universe          = unknown

PATH = /usr/local/bin:/usr/bin:/bin:/usr/bin/X11:/usr/games:/usr/bin:/usr/X11R6/bin:/home/sebastian/bin:/home/sebastian/bin

## ------------ ##
## Core tests.  ##
## ------------ ##

configure:972: PATH=".;."; conftest.sh
./configure: conftest.sh: command not found
configure:975: $? = 127
configure:1025: checking for a BSD compatible install
configure:1074: result: /usr/bin/install -c
configure:1085: checking whether build environment is sane
configure:1128: result: yes
configure:1143: checking whether make sets ${MAKE}
configure:1163: result: yes
configure:1191: checking for working aclocal
configure:1198: result: found
configure:1206: checking for working autoconf
configure:1213: result: found
configure:1221: checking for working automake
configure:1228: result: found
configure:1236: checking for working autoheader
configure:1243: result: found
configure:1251: checking for working makeinfo
configure:1258: result: found
configure:1266: checking whether to enable maintainer-specific portions of Makefiles
configure:1275: result: no
configure:1340: checking for gnome-config
configure:1357: found /usr/bin/gnome-config
configure:1369: result: /usr/bin/gnome-config
configure:1379: checking if /usr/bin/gnome-config works
configure:1382: result: yes
configure:1387: checking for orbit-config
configure:1404: found /usr/bin/orbit-config
configure:1416: result: /usr/bin/orbit-config
configure:1425: checking for orbit-idl
configure:1442: found /usr/bin/orbit-idl
configure:1454: result: /usr/bin/orbit-idl
configure:1461: checking for working ORBit environment
configure:1474: result: yes
configure:1497: checking for gnorba libraries
configure:1513: result: yes
configure:1656: checking for gcc
configure:1671: found /usr/bin/gcc
configure:1679: result: gcc
configure:1907: checking for C compiler version
configure:1910: gcc --version </dev/null >&5
2.96
configure:1913: $? = 0
configure:1915: gcc -v </dev/null >&5
Reading specs from /usr/lib/gcc-lib/i386-redhat-linux/2.96/specs
gcc version 2.96 20000731 (Red Hat Linux 7.1 2.96-98)
configure:1918: $? = 0
configure:1920: gcc -V </dev/null >&5
gcc: argument to `-V' is missing
configure:1923: $? = 1
configure:1943: checking for C compiler default output
configure:1946: gcc    conftest.c  >&5
configure:1949: $? = 0
configure:1978: result: a.out
configure:1983: checking whether the C compiler works
configure:1989: ./a.out
configure:1992: $? = 0
configure:2007: result: yes
configure:2014: checking whether we are cross compiling
configure:2016: result: no
configure:2019: checking for executable suffix
configure:2021: gcc -o conftest    conftest.c  >&5
configure:2024: $? = 0
configure:2046: result: 
configure:2052: checking for object suffix
configure:2070: gcc -c   conftest.c >&5
configure:2073: $? = 0
configure:2092: result: o
configure:2096: checking whether we are using the GNU C compiler
configure:2117: gcc -c   conftest.c >&5
configure:2120: $? = 0
configure:2123: test -s conftest.o
configure:2126: $? = 0
configure:2138: result: yes
configure:2144: checking whether gcc accepts -g
configure:2162: gcc -c -g  conftest.c >&5
configure:2165: $? = 0
configure:2168: test -s conftest.o
configure:2171: $? = 0
configure:2181: result: yes
configure:2208: gcc -c -g -O2  conftest.c >&5
conftest.c:2: parse error before `me'
configure:2211: $? = 1
configure: failed program was:
#ifndef __cplusplus
  choke me
#endif
configure:2309: checking for strerror in -lcposix
configure:2336: gcc -o conftest -g -O2   conftest.c -lcposix   >&5
/usr/bin/ld: cannot find -lcposix
collect2: ld returned 1 exit status
configure:2339: $? = 1
configure: failed program was:
#line 2317 "configure"
#include "confdefs.h"

/* Override any gcc2 internal prototype to avoid an error.  */
#ifdef __cplusplus
extern "C"
#endif
/* We use char because int might match the return type of a gcc2
   builtin and then its argument prototype would still apply.  */
char strerror ();
int
main ()
{
strerror ();
  ;
  return 0;
}
configure:2356: result: no
configure:2367: checking how to run the C preprocessor
configure:2393: gcc -E  conftest.c
configure:2399: $? = 0
configure:2426: gcc -E  conftest.c
configure:2423:28: ac_nonexistent.h: No such file or directory
configure:2432: $? = 1
configure: failed program was:
#line 2422 "configure"
#include "confdefs.h"
#include <ac_nonexistent.h>
configure:2469: result: gcc -E
configure:2484: gcc -E  conftest.c
configure:2490: $? = 0
configure:2517: gcc -E  conftest.c
configure:2514:28: ac_nonexistent.h: No such file or directory
configure:2523: $? = 1
configure: failed program was:
#line 2513 "configure"
#include "confdefs.h"
#include <ac_nonexistent.h>
configure:2562: checking for ANSI C header files
configure:2576: gcc -E  conftest.c
configure:2582: $? = 0
configure:2669: gcc -o conftest -g -O2   conftest.c  >&5
configure:2672: $? = 0
configure:2674: ./conftest
configure:2677: $? = 0
configure:2690: result: yes
configure:2708: checking what warning flags to pass to the C compiler
configure:2729: result: -Wall -Wunused
configure:2740: checking what language compliance flags to pass to the C compiler
configure:2756: result: 
configure:2771: checking build system type
configure:2789: result: i686-pc-linux-gnu
configure:2796: checking host system type
configure:2810: result: i686-pc-linux-gnu
configure:2855: checking for ranlib
configure:2870: found /usr/bin/ranlib
configure:2879: result: ranlib
configure:2891: checking for gcc option to accept ANSI C
configure:2948: gcc  -c -g -O2 -Wall -Wunused   conftest.c >&5
configure:2951: $? = 0
configure:2954: test -s conftest.o
configure:2957: $? = 0
configure:2974: result: none needed
configure:2982: checking for an ANSI C-conforming const
configure:3046: gcc -c -g -O2 -Wall -Wunused   conftest.c >&5
configure: In function `main':
configure:3016: warning: unused variable `s'
configure:3036: warning: unused variable `foo'
configure:3003: warning: unused variable `zero'
configure:2997: warning: unused variable `x'
configure:3015: warning: `t' might be used uninitialized in this function
configure:3033: warning: `b' might be used uninitialized in this function
configure:3049: $? = 0
configure:3052: test -s conftest.o
configure:3055: $? = 0
configure:3065: result: yes
configure:3075: checking for inline
configure:3092: gcc -c -g -O2 -Wall -Wunused   conftest.c >&5
configure:3095: $? = 0
configure:3098: test -s conftest.o
configure:3101: $? = 0
configure:3112: result: inline
configure:3133: checking for sys/types.h
configure:3145: gcc -c -g -O2 -Wall -Wunused   conftest.c >&5
configure:3148: $? = 0
configure:3151: test -s conftest.o
configure:3154: $? = 0
configure:3164: result: yes
configure:3133: checking for sys/stat.h
configure:3145: gcc -c -g -O2 -Wall -Wunused   conftest.c >&5
configure:3148: $? = 0
configure:3151: test -s conftest.o
configure:3154: $? = 0
configure:3164: result: yes
configure:3133: checking for stdlib.h
configure:3145: gcc -c -g -O2 -Wall -Wunused   conftest.c >&5
configure:3148: $? = 0
configure:3151: test -s conftest.o
configure:3154: $? = 0
configure:3164: result: yes
configure:3133: checking for string.h
configure:3145: gcc -c -g -O2 -Wall -Wunused   conftest.c >&5
configure:3148: $? = 0
configure:3151: test -s conftest.o
configure:3154: $? = 0
configure:3164: result: yes
configure:3133: checking for memory.h
configure:3145: gcc -c -g -O2 -Wall -Wunused   conftest.c >&5
configure:3148: $? = 0
configure:3151: test -s conftest.o
configure:3154: $? = 0
configure:3164: result: yes
configure:3133: checking for strings.h
configure:3145: gcc -c -g -O2 -Wall -Wunused   conftest.c >&5
configure:3148: $? = 0
configure:3151: test -s conftest.o
configure:3154: $? = 0
configure:3164: result: yes
configure:3133: checking for inttypes.h
configure:3145: gcc -c -g -O2 -Wall -Wunused   conftest.c >&5
configure:3148: $? = 0
configure:3151: test -s conftest.o
configure:3154: $? = 0
configure:3164: result: yes
configure:3133: checking for stdint.h
configure:3145: gcc -c -g -O2 -Wall -Wunused   conftest.c >&5
configure:3148: $? = 0
configure:3151: test -s conftest.o
configure:3154: $? = 0
configure:3164: result: yes
configure:3133: checking for unistd.h
configure:3145: gcc -c -g -O2 -Wall -Wunused   conftest.c >&5
configure:3148: $? = 0
configure:3151: test -s conftest.o
configure:3154: $? = 0
configure:3164: result: yes
configure:3174: checking for off_t
configure:3195: gcc -c -g -O2 -Wall -Wunused   conftest.c >&5
configure:3198: $? = 0
configure:3201: test -s conftest.o
configure:3204: $? = 0
configure:3214: result: yes
configure:3226: checking for size_t
configure:3247: gcc -c -g -O2 -Wall -Wunused   conftest.c >&5
configure:3250: $? = 0
configure:3253: test -s conftest.o
configure:3256: $? = 0
configure:3266: result: yes
configure:3280: checking for working alloca.h
configure:3298: gcc -o conftest -g -O2 -Wall -Wunused    conftest.c  >&5
configure: In function `main':
configure:3291: warning: unused variable `p'
configure:3301: $? = 0
configure:3304: test -s conftest
configure:3307: $? = 0
configure:3317: result: yes
configure:3327: checking for alloca
configure:3365: gcc -o conftest -g -O2 -Wall -Wunused    conftest.c  >&5
configure: In function `main':
configure:3358: warning: unused variable `p'
configure:3368: $? = 0
configure:3371: test -s conftest
configure:3374: $? = 0
configure:3384: result: yes
configure:3568: checking for stdlib.h
configure:3603: result: yes
configure:3568: checking for unistd.h
configure:3603: result: yes
configure:3616: checking for getpagesize
configure:3653: gcc -o conftest -g -O2 -Wall -Wunused    conftest.c  >&5
configure:3656: $? = 0
configure:3659: test -s conftest
configure:3662: $? = 0
configure:3672: result: yes
configure:3682: checking for working mmap
configure:3818: gcc -o conftest -g -O2 -Wall -Wunused    conftest.c  >&5
configure:3821: $? = 0
configure:3823: ./conftest
configure:3826: $? = 0
configure:3838: result: yes
configure:3849: checking whether we are using the GNU C Library 2.1 or newer
configure:3875: result: yes
configure:3884: checking for argz.h
configure:3894: gcc -E  conftest.c
configure:3900: $? = 0
configure:3919: result: yes
configure:3884: checking for limits.h
configure:3894: gcc -E  conftest.c
configure:3900: $? = 0
configure:3919: result: yes
configure:3884: checking for locale.h
configure:3894: gcc -E  conftest.c
configure:3900: $? = 0
configure:3919: result: yes
configure:3884: checking for nl_types.h
configure:3894: gcc -E  conftest.c
configure:3900: $? = 0
configure:3919: result: yes
configure:3884: checking for malloc.h
configure:3894: gcc -E  conftest.c
configure:3900: $? = 0
configure:3919: result: yes
configure:3884: checking for stddef.h
configure:3894: gcc -E  conftest.c
configure:3900: $? = 0
configure:3919: result: yes
configure:3884: checking for stdlib.h
configure:3919: result: yes
configure:3884: checking for string.h
configure:3919: result: yes
configure:3884: checking for unistd.h
configure:3919: result: yes
configure:3884: checking for sys/param.h
configure:3894: gcc -E  conftest.c
configure:3900: $? = 0
configure:3919: result: yes
configure:3934: checking for feof_unlocked
configure:3971: gcc -o conftest -g -O2 -Wall -Wunused    conftest.c  >&5
configure:3974: $? = 0
configure:3977: test -s conftest
configure:3980: $? = 0
configure:3990: result: yes
configure:3934: checking for fgets_unlocked
configure:3971: gcc -o conftest -g -O2 -Wall -Wunused    conftest.c  >&5
configure:3974: $? = 0
configure:3977: test -s conftest
configure:3980: $? = 0
configure:3990: result: yes
configure:3934: checking for getcwd
configure:3971: gcc -o conftest -g -O2 -Wall -Wunused    conftest.c  >&5
configure:3974: $? = 0
configure:3977: test -s conftest
configure:3980: $? = 0
configure:3990: result: yes
configure:3934: checking for getegid
configure:3971: gcc -o conftest -g -O2 -Wall -Wunused    conftest.c  >&5
configure:3974: $? = 0
configure:3977: test -s conftest
configure:3980: $? = 0
configure:3990: result: yes
configure:3934: checking for geteuid
configure:3971: gcc -o conftest -g -O2 -Wall -Wunused    conftest.c  >&5
configure:3974: $? = 0
configure:3977: test -s conftest
configure:3980: $? = 0
configure:3990: result: yes
configure:3934: checking for getgid
configure:3971: gcc -o conftest -g -O2 -Wall -Wunused    conftest.c  >&5
configure:3974: $? = 0
configure:3977: test -s conftest
configure:3980: $? = 0
configure:3990: result: yes
configure:3934: checking for getuid
configure:3971: gcc -o conftest -g -O2 -Wall -Wunused    conftest.c  >&5
configure:3974: $? = 0
configure:3977: test -s conftest
configure:3980: $? = 0
configure:3990: result: yes
configure:3934: checking for mempcpy
configure:3971: gcc -o conftest -g -O2 -Wall -Wunused    conftest.c  >&5
configure:3974: $? = 0
configure:3977: test -s conftest
configure:3980: $? = 0
configure:3990: result: yes
configure:3934: checking for munmap
configure:3971: gcc -o conftest -g -O2 -Wall -Wunused    conftest.c  >&5
configure:3974: $? = 0
configure:3977: test -s conftest
configure:3980: $? = 0
configure:3990: result: yes
configure:3934: checking for putenv
configure:3971: gcc -o conftest -g -O2 -Wall -Wunused    conftest.c  >&5
configure:3974: $? = 0
configure:3977: test -s conftest
configure:3980: $? = 0
configure:3990: result: yes
configure:3934: checking for setenv
configure:3971: gcc -o conftest -g -O2 -Wall -Wunused    conftest.c  >&5
configure:3974: $? = 0
configure:3977: test -s conftest
configure:3980: $? = 0
configure:3990: result: yes
configure:3934: checking for setlocale
configure:3971: gcc -o conftest -g -O2 -Wall -Wunused    conftest.c  >&5
configure:3974: $? = 0
configure:3977: test -s conftest
configure:3980: $? = 0
configure:3990: result: yes
configure:3934: checking for stpcpy
configure:3971: gcc -o conftest -g -O2 -Wall -Wunused    conftest.c  >&5
configure:3974: $? = 0
configure:3977: test -s conftest
configure:3980: $? = 0
configure:3990: result: yes
configure:3934: checking for strchr
configure:3971: gcc -o conftest -g -O2 -Wall -Wunused    conftest.c  >&5
configure:3974: $? = 0
configure:3977: test -s conftest
configure:3980: $? = 0
configure:3990: result: yes
configure:3934: checking for strcasecmp
configure:3971: gcc -o conftest -g -O2 -Wall -Wunused    conftest.c  >&5
configure:3974: $? = 0
configure:3977: test -s conftest
configure:3980: $? = 0
configure:3990: result: yes
configure:3934: checking for strdup
configure:3971: gcc -o conftest -g -O2 -Wall -Wunused    conftest.c  >&5
configure:3974: $? = 0
configure:3977: test -s conftest
configure:3980: $? = 0
configure:3990: result: yes
configure:3934: checking for strtoul
configure:3971: gcc -o conftest -g -O2 -Wall -Wunused    conftest.c  >&5
configure:3974: $? = 0
configure:3977: test -s conftest
configure:3980: $? = 0
configure:3990: result: yes
configure:3934: checking for tsearch
configure:3971: gcc -o conftest -g -O2 -Wall -Wunused    conftest.c  >&5
configure:3974: $? = 0
configure:3977: test -s conftest
configure:3980: $? = 0
configure:3990: result: yes
configure:3934: checking for __argz_count
configure:3971: gcc -o conftest -g -O2 -Wall -Wunused    conftest.c  >&5
configure:3974: $? = 0
configure:3977: test -s conftest
configure:3980: $? = 0
configure:3990: result: yes
configure:3934: checking for __argz_stringify
configure:3971: gcc -o conftest -g -O2 -Wall -Wunused    conftest.c  >&5
configure:3974: $? = 0
configure:3977: test -s conftest
configure:3980: $? = 0
configure:3990: result: yes
configure:3934: checking for __argz_next
configure:3971: gcc -o conftest -g -O2 -Wall -Wunused    conftest.c  >&5
configure:3974: $? = 0
configure:3977: test -s conftest
configure:3980: $? = 0
configure:3990: result: yes
configure:4011: checking for iconv
configure:4035: gcc -o conftest -g -O2 -Wall -Wunused    conftest.c  >&5
configure:4038: $? = 0
configure:4041: test -s conftest
configure:4044: $? = 0
configure:4093: result: yes
configure:4101: checking for iconv declaration
configure:4132: gcc -c -g -O2 -Wall -Wunused   conftest.c >&5
configure:4135: $? = 0
configure:4138: test -s conftest.o
configure:4141: $? = 0
configure:4154: result: 
         extern size_t iconv (iconv_t cd, char * *inbuf, size_t *inbytesleft, char * *outbuf, size_t *outbytesleft);
configure:4169: checking for nl_langinfo and CODESET
configure:4187: gcc -o conftest -g -O2 -Wall -Wunused    conftest.c  >&5
configure: In function `main':
configure:4180: warning: unused variable `cs'
configure:4190: $? = 0
configure:4193: test -s conftest
configure:4196: $? = 0
configure:4207: result: yes
configure:4218: checking for LC_MESSAGES
configure:4236: gcc -o conftest -g -O2 -Wall -Wunused    conftest.c  >&5
configure:4239: $? = 0
configure:4242: test -s conftest
configure:4245: $? = 0
configure:4255: result: yes
configure:4265: checking whether NLS is requested
configure:4274: result: yes
configure:4287: checking whether included gettext is requested
configure:4297: result: no
configure:4304: checking for libintl.h
configure:4314: gcc -E  conftest.c
configure:4320: $? = 0
configure:4339: result: yes
configure:4342: checking for GNU gettext in libc
configure:4362: gcc -o conftest -g -O2 -Wall -Wunused    conftest.c  >&5
configure:4365: $? = 0
configure:4368: test -s conftest
configure:4371: $? = 0
configure:4381: result: yes
configure:4449: checking for dcgettext
configure:4486: gcc -o conftest -g -O2 -Wall -Wunused    conftest.c   >&5
configure:4489: $? = 0
configure:4492: test -s conftest
configure:4495: $? = 0
configure:4505: result: yes
configure:4519: checking for msgfmt
configure:4546: result: /usr/bin/msgfmt
configure:4555: checking for gmsgfmt
configure:4584: result: /usr/bin/msgfmt
configure:4595: checking for xgettext
configure:4622: result: /usr/bin/xgettext
configure:4780: checking for bison
configure:4795: found /usr/bin/bison
configure:4803: result: bison
configure:4816: checking version of bison
configure:4825: result: 1.28, ok
configure:4969: creating ./config.status

## ----------------------- ##
## Running config.status.  ##
## ----------------------- ##

This file was extended by config.status 2.52, executed with
  CONFIG_FILES    = 
  CONFIG_HEADERS  = 
  CONFIG_LINKS    = 
  CONFIG_COMMANDS = 
  > ./config.status 
on a181102

config.status:5488: creating Makefile
config.status:5488: creating macros/Makefile
config.status:5488: creating intl/Makefile
config.status:5488: creating pixmaps/Makefile
config.status:5488: creating src/Makefile
config.status:5580: creating config.h
config.status:5721: config.h is unchanged

## ----------------- ##
## Cache variables.  ##
## ----------------- ##

ac_cv_build=i686-pc-linux-gnu
ac_cv_build_alias=i686-pc-linux-gnu
ac_cv_c_compiler_gnu=yes
ac_cv_c_const=yes
ac_cv_c_inline=inline
ac_cv_env_CC_set=
ac_cv_env_CC_value=
ac_cv_env_CFLAGS_set=
ac_cv_env_CFLAGS_value=
ac_cv_env_CPPFLAGS_set=
ac_cv_env_CPPFLAGS_value=
ac_cv_env_CPP_set=
ac_cv_env_CPP_value=
ac_cv_env_LDFLAGS_set=
ac_cv_env_LDFLAGS_value=
ac_cv_env_build_alias_set=
ac_cv_env_build_alias_value=
ac_cv_env_host_alias_set=
ac_cv_env_host_alias_value=
ac_cv_env_target_alias_set=
ac_cv_env_target_alias_value=
ac_cv_func___argz_count=yes
ac_cv_func___argz_next=yes
ac_cv_func___argz_stringify=yes
ac_cv_func_alloca_works=yes
ac_cv_func_dcgettext=yes
ac_cv_func_feof_unlocked=yes
ac_cv_func_fgets_unlocked=yes
ac_cv_func_getcwd=yes
ac_cv_func_getegid=yes
ac_cv_func_geteuid=yes
ac_cv_func_getgid=yes
ac_cv_func_getpagesize=yes
ac_cv_func_getuid=yes
ac_cv_func_mempcpy=yes
ac_cv_func_mmap_fixed_mapped=yes
ac_cv_func_munmap=yes
ac_cv_func_putenv=yes
ac_cv_func_setenv=yes
ac_cv_func_setlocale=yes
ac_cv_func_stpcpy=yes
ac_cv_func_strcasecmp=yes
ac_cv_func_strchr=yes
ac_cv_func_strdup=yes
ac_cv_func_strtoul=yes
ac_cv_func_tsearch=yes
ac_cv_gnu_library_2_1=yes
ac_cv_header_argz_h=yes
ac_cv_header_inttypes_h=yes
ac_cv_header_libintl_h=yes
ac_cv_header_limits_h=yes
ac_cv_header_locale_h=yes
ac_cv_header_malloc_h=yes
ac_cv_header_memory_h=yes
ac_cv_header_nl_types_h=yes
ac_cv_header_stdc=yes
ac_cv_header_stddef_h=yes
ac_cv_header_stdint_h=yes
ac_cv_header_stdlib_h=yes
ac_cv_header_string_h=yes
ac_cv_header_strings_h=yes
ac_cv_header_sys_param_h=yes
ac_cv_header_sys_stat_h=yes
ac_cv_header_sys_types_h=yes
ac_cv_header_unistd_h=yes
ac_cv_host=i686-pc-linux-gnu
ac_cv_host_alias=i686-pc-linux-gnu
ac_cv_lib_cposix_strerror=no
ac_cv_objext=o
ac_cv_path_GMSGFMT=/usr/bin/msgfmt
ac_cv_path_GNOME_CONFIG=/usr/bin/gnome-config
ac_cv_path_MSGFMT=/usr/bin/msgfmt
ac_cv_path_ORBIT_CONFIG=/usr/bin/orbit-config
ac_cv_path_ORBIT_IDL=/usr/bin/orbit-idl
ac_cv_path_XGETTEXT=/usr/bin/xgettext
ac_cv_path_install=$'/usr/bin/install -c'
ac_cv_prog_CPP=$'gcc -E'
ac_cv_prog_INTLBISON=bison
ac_cv_prog_ac_ct_CC=gcc
ac_cv_prog_ac_ct_RANLIB=ranlib
ac_cv_prog_cc_g=yes
ac_cv_prog_cc_stdc=
ac_cv_prog_make_make_set=yes
ac_cv_type_off_t=yes
ac_cv_type_size_t=yes
ac_cv_working_alloca_h=yes
am_cv_func_iconv=yes
am_cv_langinfo_codeset=yes
am_cv_lib_iconv=no
am_cv_proto_iconv=$'extern size_t iconv (iconv_t cd, char * *inbuf, size_t *inbytesleft, char * *outbuf, size_t *outbytesleft);'
am_cv_proto_iconv_arg1=
am_cv_val_LC_MESSAGES=yes
gnome_cv_gnorba_found=yes
gnome_cv_orbit_found=yes
gt_cv_func_gnugettext1_libc=yes
nls_cv_force_use_gnu_gettext=no
nls_cv_header_intl=
nls_cv_header_libgt=
nls_cv_use_gnu_gettext=no

## ------------ ##
## confdefs.h.  ##
## ------------ ##

#define PACKAGE "Goal"
#define VERSION "0.0"
#define STDC_HEADERS 1
#define HAVE_SYS_TYPES_H 1
#define HAVE_SYS_STAT_H 1
#define HAVE_STDLIB_H 1
#define HAVE_STRING_H 1
#define HAVE_MEMORY_H 1
#define HAVE_STRINGS_H 1
#define HAVE_INTTYPES_H 1
#define HAVE_STDINT_H 1
#define HAVE_UNISTD_H 1
#define HAVE_ALLOCA_H 1
#define HAVE_ALLOCA 1
#define HAVE_STDLIB_H 1
#define HAVE_UNISTD_H 1
#define HAVE_GETPAGESIZE 1
#define HAVE_MMAP 1
#define HAVE_ARGZ_H 1
#define HAVE_LIMITS_H 1
#define HAVE_LOCALE_H 1
#define HAVE_NL_TYPES_H 1
#define HAVE_MALLOC_H 1
#define HAVE_STDDEF_H 1
#define HAVE_STDLIB_H 1
#define HAVE_STRING_H 1
#define HAVE_UNISTD_H 1
#define HAVE_SYS_PARAM_H 1
#define HAVE_FEOF_UNLOCKED 1
#define HAVE_FGETS_UNLOCKED 1
#define HAVE_GETCWD 1
#define HAVE_GETEGID 1
#define HAVE_GETEUID 1
#define HAVE_GETGID 1
#define HAVE_GETUID 1
#define HAVE_MEMPCPY 1
#define HAVE_MUNMAP 1
#define HAVE_PUTENV 1
#define HAVE_SETENV 1
#define HAVE_SETLOCALE 1
#define HAVE_STPCPY 1
#define HAVE_STRCHR 1
#define HAVE_STRCASECMP 1
#define HAVE_STRDUP 1
#define HAVE_STRTOUL 1
#define HAVE_TSEARCH 1
#define HAVE___ARGZ_COUNT 1
#define HAVE___ARGZ_STRINGIFY 1
#define HAVE___ARGZ_NEXT 1
#define HAVE_ICONV 1
#define ICONV_CONST 
#define HAVE_LANGINFO_CODESET 1
#define HAVE_LC_MESSAGES 1
#define ENABLE_NLS 1
#define HAVE_GETTEXT 1
#define HAVE_DCGETTEXT 1


configure: exit 0
